2019-11-09 15:30:01.678 - INFO  [main] Neither @ContextConfiguration nor @ContextHierarchy found for test class [com.newegg.ec.redis.service.NodeInfoServiceTest], using SpringBootContextLoader
2019-11-09 15:30:01.689 - INFO  [main] Could not detect default resource locations for test class [com.newegg.ec.redis.service.NodeInfoServiceTest]: no resource found for suffixes {-context.xml, Context.groovy}.
2019-11-09 15:30:01.843 - INFO  [main] Loaded default TestExecutionListener class names from location [META-INF/spring.factories]: [org.springframework.boot.test.mock.mockito.MockitoTestExecutionListener, org.springframework.boot.test.mock.mockito.ResetMocksTestExecutionListener, org.springframework.boot.test.autoconfigure.restdocs.RestDocsTestExecutionListener, org.springframework.boot.test.autoconfigure.web.client.MockRestServiceServerResetTestExecutionListener, org.springframework.boot.test.autoconfigure.web.servlet.MockMvcPrintOnlyOnFailureTestExecutionListener, org.springframework.boot.test.autoconfigure.web.servlet.WebDriverTestExecutionListener, org.springframework.test.context.web.ServletTestExecutionListener, org.springframework.test.context.support.DirtiesContextBeforeModesTestExecutionListener, org.springframework.test.context.support.DependencyInjectionTestExecutionListener, org.springframework.test.context.support.DirtiesContextTestExecutionListener, org.springframework.test.context.transaction.TransactionalTestExecutionListener, org.springframework.test.context.jdbc.SqlScriptsTestExecutionListener]
2019-11-09 15:30:01.866 - INFO  [main] Using TestExecutionListeners: [org.springframework.test.context.web.ServletTestExecutionListener@52f27fbd, org.springframework.test.context.support.DirtiesContextBeforeModesTestExecutionListener@4c163e3, org.springframework.boot.test.mock.mockito.MockitoTestExecutionListener@4a8355dd, org.springframework.boot.test.autoconfigure.SpringBootDependencyInjectionTestExecutionListener@4d0d9fe7, org.springframework.test.context.support.DirtiesContextTestExecutionListener@c430e6c, org.springframework.test.context.transaction.TransactionalTestExecutionListener@312aa7c, org.springframework.test.context.jdbc.SqlScriptsTestExecutionListener@536f2a7e, org.springframework.boot.test.mock.mockito.ResetMocksTestExecutionListener@72bc6553, org.springframework.boot.test.autoconfigure.restdocs.RestDocsTestExecutionListener@66982506, org.springframework.boot.test.autoconfigure.web.client.MockRestServiceServerResetTestExecutionListener@70cf32e3, org.springframework.boot.test.autoconfigure.web.servlet.MockMvcPrintOnlyOnFailureTestExecutionListener@5a59ca5e, org.springframework.boot.test.autoconfigure.web.servlet.WebDriverTestExecutionListener@4bdeaabb]
2019-11-09 15:30:02.267 - INFO  [main] Starting NodeInfoServiceTest on wsmis210 with PID 22588 (started by jz3y in E:\mine\redis-manager\redis-manager-dashboard)
2019-11-09 15:30:02.268 - INFO  [main] No active profile set, falling back to default profiles: default
2019-11-09 15:30:03.748 - INFO  [main] Init DruidDataSource
2019-11-09 15:30:03.973 - INFO  [main] {dataSource-1} inited
2019-11-09 15:30:05.181 - INFO  [main] Initializing ExecutorService 'applicationTaskExecutor'
2019-11-09 15:30:05.438 - INFO  [main] Adding welcome page template: index
2019-11-09 15:30:05.749 - INFO  [main] Logging initialized @5521ms to org.eclipse.jetty.util.log.Slf4jLog
2019-11-09 15:30:05.769 - INFO  [main] No DecoratedObjectFactory provided, using new org.eclipse.jetty.util.DecoratedObjectFactory[decorators=1]
2019-11-09 15:30:05.798 - INFO  [main] No Executor provided, using new QueuedThreadPool[WebSocketServerFactory]@92d1782{STARTED,8<=8<=200,i=7,r=8,q=0}[ReservedThreadExecutor@3472947a{s=0/8,p=0}]
2019-11-09 15:30:06.652 - INFO  [main] Started NodeInfoServiceTest in 4.718 seconds (JVM running for 6.426)
2019-11-09 15:30:06.996 - ERROR [main] Clean up node info data failed, cluster id = 1
org.springframework.jdbc.BadSqlGrammarException: 
### Error updating database.  Cause: java.sql.SQLSyntaxErrorException: You have an error in your SQL syntax; check the manual that corresponds to your MySQL server version for the right syntax to use near ''2019-10-25 15:30:06.872'' at line 1
### The error may exist in com/newegg/ec/redis/dao/INodeInfoDao.java (best guess)
### The error may involve com.newegg.ec.redis.dao.INodeInfoDao.deleteNodeInfoByTime-Inline
### The error occurred while setting parameters
### SQL: DELETE FROM node_info_1 WHERE update_time &lt; ?
### Cause: java.sql.SQLSyntaxErrorException: You have an error in your SQL syntax; check the manual that corresponds to your MySQL server version for the right syntax to use near ''2019-10-25 15:30:06.872'' at line 1
; bad SQL grammar []; nested exception is java.sql.SQLSyntaxErrorException: You have an error in your SQL syntax; check the manual that corresponds to your MySQL server version for the right syntax to use near ''2019-10-25 15:30:06.872'' at line 1
	at org.springframework.jdbc.support.SQLErrorCodeSQLExceptionTranslator.doTranslate(SQLErrorCodeSQLExceptionTranslator.java:234) ~[spring-jdbc-5.1.7.RELEASE.jar:5.1.7.RELEASE]
	at org.springframework.jdbc.support.AbstractFallbackSQLExceptionTranslator.translate(AbstractFallbackSQLExceptionTranslator.java:72) ~[spring-jdbc-5.1.7.RELEASE.jar:5.1.7.RELEASE]
	at org.mybatis.spring.MyBatisExceptionTranslator.translateExceptionIfPossible(MyBatisExceptionTranslator.java:73) ~[mybatis-spring-2.0.0.jar:2.0.0]
	at org.mybatis.spring.SqlSessionTemplate$SqlSessionInterceptor.invoke(SqlSessionTemplate.java:446) ~[mybatis-spring-2.0.0.jar:2.0.0]
	at com.sun.proxy.$Proxy84.delete(Unknown Source) ~[?:?]
	at org.mybatis.spring.SqlSessionTemplate.delete(SqlSessionTemplate.java:310) ~[mybatis-spring-2.0.0.jar:2.0.0]
	at org.apache.ibatis.binding.MapperMethod.execute(MapperMethod.java:69) ~[mybatis-3.5.0.jar:3.5.0]
	at org.apache.ibatis.binding.MapperProxy.invoke(MapperProxy.java:58) ~[mybatis-3.5.0.jar:3.5.0]
	at com.sun.proxy.$Proxy102.deleteNodeInfoByTime(Unknown Source) ~[?:?]
	at com.newegg.ec.redis.service.impl.NodeInfoService.cleanupNodeInfo(NodeInfoService.java:161) [classes/:?]
	at com.newegg.ec.redis.service.NodeInfoServiceTest.testCleanupNodeInfo(NodeInfoServiceTest.java:23) [test-classes/:?]
	at sun.reflect.NativeMethodAccessorImpl.invoke0(Native Method) ~[?:1.8.0_201]
	at sun.reflect.NativeMethodAccessorImpl.invoke(NativeMethodAccessorImpl.java:62) ~[?:1.8.0_201]
	at sun.reflect.DelegatingMethodAccessorImpl.invoke(DelegatingMethodAccessorImpl.java:43) ~[?:1.8.0_201]
	at java.lang.reflect.Method.invoke(Method.java:498) ~[?:1.8.0_201]
	at org.junit.runners.model.FrameworkMethod$1.runReflectiveCall(FrameworkMethod.java:50) [junit-4.12.jar:4.12]
	at org.junit.internal.runners.model.ReflectiveCallable.run(ReflectiveCallable.java:12) [junit-4.12.jar:4.12]
	at org.junit.runners.model.FrameworkMethod.invokeExplosively(FrameworkMethod.java:47) [junit-4.12.jar:4.12]
	at org.junit.internal.runners.statements.InvokeMethod.evaluate(InvokeMethod.java:17) [junit-4.12.jar:4.12]
	at org.springframework.test.context.junit4.statements.RunBeforeTestExecutionCallbacks.evaluate(RunBeforeTestExecutionCallbacks.java:74) [spring-test-5.1.7.RELEASE.jar:5.1.7.RELEASE]
	at org.springframework.test.context.junit4.statements.RunAfterTestExecutionCallbacks.evaluate(RunAfterTestExecutionCallbacks.java:84) [spring-test-5.1.7.RELEASE.jar:5.1.7.RELEASE]
	at org.springframework.test.context.junit4.statements.RunBeforeTestMethodCallbacks.evaluate(RunBeforeTestMethodCallbacks.java:75) [spring-test-5.1.7.RELEASE.jar:5.1.7.RELEASE]
	at org.springframework.test.context.junit4.statements.RunAfterTestMethodCallbacks.evaluate(RunAfterTestMethodCallbacks.java:86) [spring-test-5.1.7.RELEASE.jar:5.1.7.RELEASE]
	at org.springframework.test.context.junit4.statements.SpringRepeat.evaluate(SpringRepeat.java:84) [spring-test-5.1.7.RELEASE.jar:5.1.7.RELEASE]
	at org.junit.runners.ParentRunner.runLeaf(ParentRunner.java:325) [junit-4.12.jar:4.12]
	at org.springframework.test.context.junit4.SpringJUnit4ClassRunner.runChild(SpringJUnit4ClassRunner.java:251) [spring-test-5.1.7.RELEASE.jar:5.1.7.RELEASE]
	at org.springframework.test.context.junit4.SpringJUnit4ClassRunner.runChild(SpringJUnit4ClassRunner.java:97) [spring-test-5.1.7.RELEASE.jar:5.1.7.RELEASE]
	at org.junit.runners.ParentRunner$3.run(ParentRunner.java:290) [junit-4.12.jar:4.12]
	at org.junit.runners.ParentRunner$1.schedule(ParentRunner.java:71) [junit-4.12.jar:4.12]
	at org.junit.runners.ParentRunner.runChildren(ParentRunner.java:288) [junit-4.12.jar:4.12]
	at org.junit.runners.ParentRunner.access$000(ParentRunner.java:58) [junit-4.12.jar:4.12]
	at org.junit.runners.ParentRunner$2.evaluate(ParentRunner.java:268) [junit-4.12.jar:4.12]
	at org.springframework.test.context.junit4.statements.RunBeforeTestClassCallbacks.evaluate(RunBeforeTestClassCallbacks.java:61) [spring-test-5.1.7.RELEASE.jar:5.1.7.RELEASE]
	at org.springframework.test.context.junit4.statements.RunAfterTestClassCallbacks.evaluate(RunAfterTestClassCallbacks.java:70) [spring-test-5.1.7.RELEASE.jar:5.1.7.RELEASE]
	at org.junit.runners.ParentRunner.run(ParentRunner.java:363) [junit-4.12.jar:4.12]
	at org.springframework.test.context.junit4.SpringJUnit4ClassRunner.run(SpringJUnit4ClassRunner.java:190) [spring-test-5.1.7.RELEASE.jar:5.1.7.RELEASE]
	at org.junit.runner.JUnitCore.run(JUnitCore.java:137) [junit-4.12.jar:4.12]
	at com.intellij.junit4.JUnit4IdeaTestRunner.startRunnerWithArgs(JUnit4IdeaTestRunner.java:68) [junit-rt.jar:?]
	at com.intellij.rt.execution.junit.IdeaTestRunner$Repeater.startRunnerWithArgs(IdeaTestRunner.java:47) [junit-rt.jar:?]
	at com.intellij.rt.execution.junit.JUnitStarter.prepareStreamsAndStart(JUnitStarter.java:242) [junit-rt.jar:?]
	at com.intellij.rt.execution.junit.JUnitStarter.main(JUnitStarter.java:70) [junit-rt.jar:?]
Caused by: java.sql.SQLSyntaxErrorException: You have an error in your SQL syntax; check the manual that corresponds to your MySQL server version for the right syntax to use near ''2019-10-25 15:30:06.872'' at line 1
	at com.mysql.cj.jdbc.exceptions.SQLError.createSQLException(SQLError.java:120) ~[mysql-connector-java-8.0.17.jar:8.0.17]
	at com.mysql.cj.jdbc.exceptions.SQLError.createSQLException(SQLError.java:97) ~[mysql-connector-java-8.0.17.jar:8.0.17]
	at com.mysql.cj.jdbc.exceptions.SQLExceptionsMapping.translateException(SQLExceptionsMapping.java:122) ~[mysql-connector-java-8.0.17.jar:8.0.17]
	at com.mysql.cj.jdbc.ClientPreparedStatement.executeInternal(ClientPreparedStatement.java:953) ~[mysql-connector-java-8.0.17.jar:8.0.17]
	at com.mysql.cj.jdbc.ClientPreparedStatement.execute(ClientPreparedStatement.java:370) ~[mysql-connector-java-8.0.17.jar:8.0.17]
	at com.alibaba.druid.pool.DruidPooledPreparedStatement.execute(DruidPooledPreparedStatement.java:497) ~[druid-1.1.20.jar:1.1.20]
	at org.apache.ibatis.executor.statement.PreparedStatementHandler.update(PreparedStatementHandler.java:47) ~[mybatis-3.5.0.jar:3.5.0]
	at org.apache.ibatis.executor.statement.RoutingStatementHandler.update(RoutingStatementHandler.java:74) ~[mybatis-3.5.0.jar:3.5.0]
	at org.apache.ibatis.executor.SimpleExecutor.doUpdate(SimpleExecutor.java:50) ~[mybatis-3.5.0.jar:3.5.0]
	at org.apache.ibatis.executor.BaseExecutor.update(BaseExecutor.java:117) ~[mybatis-3.5.0.jar:3.5.0]
	at org.apache.ibatis.executor.CachingExecutor.update(CachingExecutor.java:76) ~[mybatis-3.5.0.jar:3.5.0]
	at org.apache.ibatis.session.defaults.DefaultSqlSession.update(DefaultSqlSession.java:198) ~[mybatis-3.5.0.jar:3.5.0]
	at org.apache.ibatis.session.defaults.DefaultSqlSession.delete(DefaultSqlSession.java:213) ~[mybatis-3.5.0.jar:3.5.0]
	at sun.reflect.NativeMethodAccessorImpl.invoke0(Native Method) ~[?:1.8.0_201]
	at sun.reflect.NativeMethodAccessorImpl.invoke(NativeMethodAccessorImpl.java:62) ~[?:1.8.0_201]
	at sun.reflect.DelegatingMethodAccessorImpl.invoke(DelegatingMethodAccessorImpl.java:43) ~[?:1.8.0_201]
	at java.lang.reflect.Method.invoke(Method.java:498) ~[?:1.8.0_201]
	at org.mybatis.spring.SqlSessionTemplate$SqlSessionInterceptor.invoke(SqlSessionTemplate.java:433) ~[mybatis-spring-2.0.0.jar:2.0.0]
	... 37 more
2019-11-09 15:30:07.016 - INFO  [Thread-11] Shutting down ExecutorService 'applicationTaskExecutor'
2019-11-09 15:30:07.019 - INFO  [Thread-11] {dataSource-1} closing ...
2019-11-09 15:30:07.023 - INFO  [Thread-11] {dataSource-1} closed
2019-11-09 15:34:46.832 - INFO  [main] Neither @ContextConfiguration nor @ContextHierarchy found for test class [com.newegg.ec.redis.service.NodeInfoServiceTest], using SpringBootContextLoader
2019-11-09 15:34:46.841 - INFO  [main] Could not detect default resource locations for test class [com.newegg.ec.redis.service.NodeInfoServiceTest]: no resource found for suffixes {-context.xml, Context.groovy}.
2019-11-09 15:34:47.029 - INFO  [main] Loaded default TestExecutionListener class names from location [META-INF/spring.factories]: [org.springframework.boot.test.mock.mockito.MockitoTestExecutionListener, org.springframework.boot.test.mock.mockito.ResetMocksTestExecutionListener, org.springframework.boot.test.autoconfigure.restdocs.RestDocsTestExecutionListener, org.springframework.boot.test.autoconfigure.web.client.MockRestServiceServerResetTestExecutionListener, org.springframework.boot.test.autoconfigure.web.servlet.MockMvcPrintOnlyOnFailureTestExecutionListener, org.springframework.boot.test.autoconfigure.web.servlet.WebDriverTestExecutionListener, org.springframework.test.context.web.ServletTestExecutionListener, org.springframework.test.context.support.DirtiesContextBeforeModesTestExecutionListener, org.springframework.test.context.support.DependencyInjectionTestExecutionListener, org.springframework.test.context.support.DirtiesContextTestExecutionListener, org.springframework.test.context.transaction.TransactionalTestExecutionListener, org.springframework.test.context.jdbc.SqlScriptsTestExecutionListener]
2019-11-09 15:34:47.056 - INFO  [main] Using TestExecutionListeners: [org.springframework.test.context.web.ServletTestExecutionListener@52f27fbd, org.springframework.test.context.support.DirtiesContextBeforeModesTestExecutionListener@4c163e3, org.springframework.boot.test.mock.mockito.MockitoTestExecutionListener@4a8355dd, org.springframework.boot.test.autoconfigure.SpringBootDependencyInjectionTestExecutionListener@4d0d9fe7, org.springframework.test.context.support.DirtiesContextTestExecutionListener@c430e6c, org.springframework.test.context.transaction.TransactionalTestExecutionListener@312aa7c, org.springframework.test.context.jdbc.SqlScriptsTestExecutionListener@536f2a7e, org.springframework.boot.test.mock.mockito.ResetMocksTestExecutionListener@72bc6553, org.springframework.boot.test.autoconfigure.restdocs.RestDocsTestExecutionListener@66982506, org.springframework.boot.test.autoconfigure.web.client.MockRestServiceServerResetTestExecutionListener@70cf32e3, org.springframework.boot.test.autoconfigure.web.servlet.MockMvcPrintOnlyOnFailureTestExecutionListener@5a59ca5e, org.springframework.boot.test.autoconfigure.web.servlet.WebDriverTestExecutionListener@4bdeaabb]
2019-11-09 15:34:47.461 - INFO  [main] Starting NodeInfoServiceTest on wsmis210 with PID 11360 (started by jz3y in E:\mine\redis-manager\redis-manager-dashboard)
2019-11-09 15:34:47.462 - INFO  [main] No active profile set, falling back to default profiles: default
2019-11-09 15:34:48.909 - INFO  [main] Init DruidDataSource
2019-11-09 15:34:49.136 - INFO  [main] {dataSource-1} inited
2019-11-09 15:34:50.277 - INFO  [main] Initializing ExecutorService 'applicationTaskExecutor'
2019-11-09 15:34:50.562 - INFO  [main] Adding welcome page template: index
2019-11-09 15:34:50.945 - INFO  [main] Logging initialized @5368ms to org.eclipse.jetty.util.log.Slf4jLog
2019-11-09 15:34:50.984 - INFO  [main] No DecoratedObjectFactory provided, using new org.eclipse.jetty.util.DecoratedObjectFactory[decorators=1]
2019-11-09 15:34:51.018 - INFO  [main] No Executor provided, using new QueuedThreadPool[WebSocketServerFactory]@92d1782{STARTED,8<=8<=200,i=0,r=8,q=0}[ReservedThreadExecutor@3472947a{s=0/8,p=0}]
2019-11-09 15:34:51.876 - INFO  [main] Started NodeInfoServiceTest in 4.745 seconds (JVM running for 6.305)
2019-11-09 15:34:52.159 - INFO  [Thread-11] Shutting down ExecutorService 'applicationTaskExecutor'
2019-11-09 15:34:52.162 - INFO  [Thread-11] {dataSource-1} closing ...
2019-11-09 15:34:52.166 - INFO  [Thread-11] {dataSource-1} closed
2019-11-09 15:36:42.691 - INFO  [main] Neither @ContextConfiguration nor @ContextHierarchy found for test class [com.newegg.ec.redis.service.NodeInfoServiceTest], using SpringBootContextLoader
2019-11-09 15:36:42.703 - INFO  [main] Could not detect default resource locations for test class [com.newegg.ec.redis.service.NodeInfoServiceTest]: no resource found for suffixes {-context.xml, Context.groovy}.
2019-11-09 15:36:42.956 - INFO  [main] Loaded default TestExecutionListener class names from location [META-INF/spring.factories]: [org.springframework.boot.test.mock.mockito.MockitoTestExecutionListener, org.springframework.boot.test.mock.mockito.ResetMocksTestExecutionListener, org.springframework.boot.test.autoconfigure.restdocs.RestDocsTestExecutionListener, org.springframework.boot.test.autoconfigure.web.client.MockRestServiceServerResetTestExecutionListener, org.springframework.boot.test.autoconfigure.web.servlet.MockMvcPrintOnlyOnFailureTestExecutionListener, org.springframework.boot.test.autoconfigure.web.servlet.WebDriverTestExecutionListener, org.springframework.test.context.web.ServletTestExecutionListener, org.springframework.test.context.support.DirtiesContextBeforeModesTestExecutionListener, org.springframework.test.context.support.DependencyInjectionTestExecutionListener, org.springframework.test.context.support.DirtiesContextTestExecutionListener, org.springframework.test.context.transaction.TransactionalTestExecutionListener, org.springframework.test.context.jdbc.SqlScriptsTestExecutionListener]
2019-11-09 15:36:42.994 - INFO  [main] Using TestExecutionListeners: [org.springframework.test.context.web.ServletTestExecutionListener@31e3250d, org.springframework.test.context.support.DirtiesContextBeforeModesTestExecutionListener@19fe4644, org.springframework.boot.test.mock.mockito.MockitoTestExecutionListener@21d8bcbe, org.springframework.boot.test.autoconfigure.SpringBootDependencyInjectionTestExecutionListener@5be067de, org.springframework.test.context.support.DirtiesContextTestExecutionListener@7383eae2, org.springframework.test.context.transaction.TransactionalTestExecutionListener@18245eb0, org.springframework.test.context.jdbc.SqlScriptsTestExecutionListener@7c7d3c46, org.springframework.boot.test.mock.mockito.ResetMocksTestExecutionListener@24fb6a80, org.springframework.boot.test.autoconfigure.restdocs.RestDocsTestExecutionListener@48c35007, org.springframework.boot.test.autoconfigure.web.client.MockRestServiceServerResetTestExecutionListener@72a85671, org.springframework.boot.test.autoconfigure.web.servlet.MockMvcPrintOnlyOnFailureTestExecutionListener@6722db6e, org.springframework.boot.test.autoconfigure.web.servlet.WebDriverTestExecutionListener@18f20260]
2019-11-09 15:36:43.947 - INFO  [main] Starting NodeInfoServiceTest on wsmis210 with PID 10412 (started by jz3y in E:\mine\redis-manager\redis-manager-dashboard)
2019-11-09 15:36:43.948 - INFO  [main] No active profile set, falling back to default profiles: default
2019-11-09 15:36:46.357 - INFO  [main] Init DruidDataSource
2019-11-09 15:36:46.678 - INFO  [main] {dataSource-1} inited
